Flutter crash report; please file at https://github.com/flutter/flutter/issues.

## command

flutter run

## exception

ProcessException: ProcessException: Permission denied
  Command: /Users/mawuli/Projects/flutter_apps/number_trivia/android/gradlew -q -Ptarget=/Users/mawuli/Projects/flutter_apps/number_trivia/lib/main.dart -Ptrack-widget-creation=true -Pfilesystem-scheme=org-dartlang-root -Ptarget-platform=android-arm64 assembleDebug

```
#0      _DefaultProcessUtils.stream (package:flutter_tools/src/base/process.dart:431:29)
<asynchronous suspension>
#1      buildGradleApp (package:flutter_tools/src/android/gradle.dart:342:35)
#2      _AsyncAwaitCompleter.start (dart:async-patch/async_patch.dart:43:6)
#3      buildGradleApp (package:flutter_tools/src/android/gradle.dart:219:28)
#4      _AndroidBuilderImpl.buildApk (package:flutter_tools/src/android/android_builder.dart:88:13)
#5      _AsyncAwaitCompleter.start (dart:async-patch/async_patch.dart:43:6)
#6      _AndroidBuilderImpl.buildApk (package:flutter_tools/src/android/android_builder.dart:82:24)
#7      AndroidDevice.startApp (package:flutter_tools/src/android/android_device.dart:516:28)
#8      _asyncThenWrapperHelper.<anonymous closure> (dart:async-patch/async_patch.dart:71:64)
#9      _rootRunUnary (dart:async/zone.dart:1132:38)
#10     _CustomZone.runUnary (dart:async/zone.dart:1029:19)
#11     _FutureListener.handleValue (dart:async/future_impl.dart:137:18)
#12     Future._propagateToListeners.handleValueCallback (dart:async/future_impl.dart:678:45)
#13     Future._propagateToListeners (dart:async/future_impl.dart:707:32)
#14     Future._completeWithValue (dart:async/future_impl.dart:522:5)
#15     Future._asyncComplete.<anonymous closure> (dart:async/future_impl.dart:552:7)
#16     _rootRun (dart:async/zone.dart:1124:13)
#17     _CustomZone.run (dart:async/zone.dart:1021:19)
#18     _CustomZone.runGuarded (dart:async/zone.dart:923:7)
#19     _CustomZone.bindCallbackGuarded.<anonymous closure> (dart:async/zone.dart:963:23)
#20     _microtaskLoop (dart:async/schedule_microtask.dart:41:21)
#21     _startMicrotaskLoop (dart:async/schedule_microtask.dart:50:5)
#22     _runPendingImmediateCallback (dart:isolate-patch/isolate_patch.dart:116:13)
#23     _RawReceivePortImpl._handleMessage (dart:isolate-patch/isolate_patch.dart:173:5)
```

## flutter doctor

```
[32m[✓][39m Flutter (Channel master, v1.10.17-pre.60, on Mac OS X 10.14.6 18G95, locale en-GH)
    [32m•[39m Flutter version 1.10.17-pre.60 at /Users/mawuli/flutter
    [32m•[39m Framework revision 99055c754a (3 weeks ago), 2019-11-12 08:04:48 -0800
    [32m•[39m Engine revision 31cd2dfca2
    [32m•[39m Dart version 2.7.0

[33m[!][39m Android toolchain - develop for Android devices (Android SDK version 28.0.3)
    [32m•[39m Android SDK at /Users/mawuli/Library/Android/sdk
    [32m•[39m Android NDK location not configured (optional; useful for native profiling support)
    [32m•[39m Platform android-28, build-tools 28.0.3
    [32m•[39m Java binary at:
      /Library/Java/JavaVirtualMachines/jdk1.8.0_131.jdk/Contents/Home/bin/java
    [32m•[39m Java version Java(TM) SE Runtime Environment (build 1.8.0_131-b11)
    [33m![39m Some Android licenses not accepted.  To resolve this, run: flutter doctor
      --android-licenses

[32m[✓][39m Xcode - develop for iOS and macOS (Xcode 11.0)
    [32m•[39m Xcode at /Applications/Xcode.app/Contents/Developer
    [32m•[39m Xcode 11.0, Build version 11A419c
    [32m•[39m CocoaPods version 1.7.5

[32m[✓][39m Android Studio (version 3.3)
    [32m•[39m Android Studio at /Applications/Android Studio.app/Contents
    [32m•[39m Flutter plugin version 33.3.1
    [32m•[39m Dart plugin version 182.5215
    [32m•[39m Java version OpenJDK Runtime Environment (build 1.8.0_152-release-1248-b01)

[33m[!][39m Android Studio
    [32m•[39m Android Studio at /Users/mawuli/Library/Android/sdk/Contents
    [31m✗[39m Flutter plugin not installed; this adds Flutter specific functionality.
    [31m✗[39m Dart plugin not installed; this adds Dart specific functionality.
    [31m✗[39m Android Studio not found at /Users/mawuli/Library/Android/sdk/Contents
    [32m•[39m Try updating or re-installing Android Studio.

[32m[✓][39m VS Code (version 1.40.2)
    [32m•[39m VS Code at /Applications/Visual Studio Code.app/Contents
    [32m•[39m Flutter extension version 3.6.0

[32m[✓][39m Connected device (1 available)
    [32m•[39m MI 8 Pro • 192.168.8.101:5555 • android-arm64 • Android 9 (API 28)

[33m![39m Doctor found issues in 2 categories.
```
